<?xml version="1.0" encoding="UTF-8"?>
<!-- Generated by org.testng.reporters.JUnitReportReporter -->
<testsuite hostname="NgaKT" failures="0" tests="1" name="TextBoxTest" time="26.519" errors="0" timestamp="2023-09-18T13:05:56 ICT" skipped="0">
  <testcase classname="TextBoxTest" name="doTC01" time="26.519"/>
</testsuite> <!-- TextBoxTest -->
