<?xml version="1.0" encoding="UTF-8"?>
<!-- Generated by org.testng.reporters.JUnitReportReporter -->
<testsuite hostname="NgaKT" failures="0" tests="1" name="TestCase" time="68.265" errors="0" timestamp="2023-09-17T19:23:43 ICT" skipped="0">
  <testcase classname="TestCase" name="doCB01" time="68.265"/>
</testsuite> <!-- TestCase -->
